#-----------------------------------------------------------
# Vivado v2018.2 (64-bit)
# SW Build 2258646 on Thu Jun 14 20:03:12 MDT 2018
# IP Build 2256618 on Thu Jun 14 22:10:49 MDT 2018
# Start of session at: Fri Oct 11 23:25:54 2019
# Process ID: 7256
# Current directory: C:/Users/Andrew/Desktop/Project/SoundDisplay
# Command line: vivado.exe -gui_launcher_event rodinguilauncherevent6584 C:\Users\Andrew\Desktop\Project\SoundDisplay\SoundDisplay.xpr
# Log file: C:/Users/Andrew/Desktop/Project/SoundDisplay/vivado.log
# Journal file: C:/Users/Andrew/Desktop/Project/SoundDisplay\vivado.jou
#-----------------------------------------------------------
start_gui
open_project C:/Users/Andrew/Desktop/Project/SoundDisplay/SoundDisplay.xpr
CRITICAL WARNING: [Project 1-19] Could not find the file 'C:/Users/Andrew/Desktop/Project/SoundDisplay/SoundDisplay.srcs/sources_1/new/clk_oled.v'.
CRITICAL WARNING: [Project 1-19] Could not find the file 'C:/Users/Andrew/Desktop/Project/SoundDisplay/archive_project_summary.txt'.
Scanning sources...
Finished scanning sources
WARNING: [filemgmt 56-3] IPUserFilesDir: Could not find the directory 'C:/Users/Andrew/Desktop/Project/SoundDisplay/SoundDisplay.ip_user_files'.
INFO: [IP_Flow 19-234] Refreshing IP repositories
INFO: [IP_Flow 19-1704] No user IP repositories specified
INFO: [IP_Flow 19-2313] Loaded Vivado IP repository 'C:/Xilinx/Vivado/2018.2/data/ip'.
open_project: Time (s): cpu = 00:00:22 ; elapsed = 00:00:12 . Memory (MB): peak = 761.375 ; gain = 95.750
update_compile_order -fileset sources_1
reset_run synth_1
launch_runs impl_1 -to_step write_bitstream -jobs 2
[Fri Oct 11 23:48:45 2019] Launched synth_1...
Run output will be captured here: C:/Users/Andrew/Desktop/Project/SoundDisplay/SoundDisplay.runs/synth_1/runme.log
[Fri Oct 11 23:48:45 2019] Launched impl_1...
Run output will be captured here: C:/Users/Andrew/Desktop/Project/SoundDisplay/SoundDisplay.runs/impl_1/runme.log
open_hw
connect_hw_server
INFO: [Labtools 27-2285] Connecting to hw_server url TCP:localhost:3121
INFO: [Labtools 27-2222] Launching hw_server...
INFO: [Labtools 27-2221] Launch Output:

****** Xilinx hw_server v2018.2
  **** Build date : Jun 14 2018-20:42:52
    ** Copyright 1986-2018 Xilinx, Inc. All Rights Reserved.


open_hw_target
INFO: [Labtoolstcl 44-466] Opening hw_target localhost:3121/xilinx_tcf/Digilent/210183756770A
set_property PROGRAM.FILE {C:/Users/Andrew/Desktop/Project/SoundDisplay/SoundDisplay.runs/impl_1/Top_Student.bit} [get_hw_devices xc7a35t_0]
current_hw_device [get_hw_devices xc7a35t_0]
refresh_hw_device -update_hw_probes false [lindex [get_hw_devices xc7a35t_0] 0]
INFO: [Labtools 27-1434] Device xc7a35t (JTAG device index = 0) is programmed with a design that has no supported debug core(s) in it.
WARNING: [Labtools 27-3361] The debug hub core was not detected.
Resolution: 
1. Make sure the clock connected to the debug hub (dbg_hub) core is a free running clock and is active.
2. Make sure the BSCAN_SWITCH_USER_MASK device property in Vivado Hardware Manager reflects the user scan chain setting in the design and refresh the device.  To determine the user scan chain setting in the design, open the implemented design and use 'get_property C_USER_SCAN_CHAIN [get_debug_cores dbg_hub]'.
For more details on setting the scan chain property, consult the Vivado Debug and Programming User Guide (UG908).
set_property PROBES.FILE {} [get_hw_devices xc7a35t_0]
set_property FULL_PROBES.FILE {} [get_hw_devices xc7a35t_0]
set_property PROGRAM.FILE {C:/Users/Andrew/Desktop/Project/SoundDisplay/SoundDisplay.runs/impl_1/Top_Student.bit} [get_hw_devices xc7a35t_0]
program_hw_devices [get_hw_devices xc7a35t_0]
INFO: [Labtools 27-3164] End of startup status: HIGH
refresh_hw_device [lindex [get_hw_devices xc7a35t_0] 0]
INFO: [Labtools 27-1434] Device xc7a35t (JTAG device index = 0) is programmed with a design that has no supported debug core(s) in it.
WARNING: [Labtools 27-3361] The debug hub core was not detected.
Resolution: 
1. Make sure the clock connected to the debug hub (dbg_hub) core is a free running clock and is active.
2. Make sure the BSCAN_SWITCH_USER_MASK device property in Vivado Hardware Manager reflects the user scan chain setting in the design and refresh the device.  To determine the user scan chain setting in the design, open the implemented design and use 'get_property C_USER_SCAN_CHAIN [get_debug_cores dbg_hub]'.
For more details on setting the scan chain property, consult the Vivado Debug and Programming User Guide (UG908).
set_property PROBES.FILE {} [get_hw_devices xc7a35t_0]
set_property FULL_PROBES.FILE {} [get_hw_devices xc7a35t_0]
set_property PROGRAM.FILE {C:/Users/Andrew/Desktop/Project/SoundDisplay/SoundDisplay.runs/impl_1/Top_Student.bit} [get_hw_devices xc7a35t_0]
program_hw_devices [get_hw_devices xc7a35t_0]
INFO: [Labtools 27-3164] End of startup status: HIGH
refresh_hw_device [lindex [get_hw_devices xc7a35t_0] 0]
INFO: [Labtools 27-1434] Device xc7a35t (JTAG device index = 0) is programmed with a design that has no supported debug core(s) in it.
WARNING: [Labtools 27-3361] The debug hub core was not detected.
Resolution: 
1. Make sure the clock connected to the debug hub (dbg_hub) core is a free running clock and is active.
2. Make sure the BSCAN_SWITCH_USER_MASK device property in Vivado Hardware Manager reflects the user scan chain setting in the design and refresh the device.  To determine the user scan chain setting in the design, open the implemented design and use 'get_property C_USER_SCAN_CHAIN [get_debug_cores dbg_hub]'.
For more details on setting the scan chain property, consult the Vivado Debug and Programming User Guide (UG908).
reset_run synth_1
launch_runs impl_1 -to_step write_bitstream -jobs 2
[Sat Oct 12 00:13:58 2019] Launched synth_1...
Run output will be captured here: C:/Users/Andrew/Desktop/Project/SoundDisplay/SoundDisplay.runs/synth_1/runme.log
[Sat Oct 12 00:13:58 2019] Launched impl_1...
Run output will be captured here: C:/Users/Andrew/Desktop/Project/SoundDisplay/SoundDisplay.runs/impl_1/runme.log
set_property PROBES.FILE {} [get_hw_devices xc7a35t_0]
set_property FULL_PROBES.FILE {} [get_hw_devices xc7a35t_0]
set_property PROGRAM.FILE {C:/Users/Andrew/Desktop/Project/SoundDisplay/SoundDisplay.runs/impl_1/Top_Student.bit} [get_hw_devices xc7a35t_0]
program_hw_devices [get_hw_devices xc7a35t_0]
INFO: [Labtools 27-3164] End of startup status: HIGH
refresh_hw_device [lindex [get_hw_devices xc7a35t_0] 0]
INFO: [Labtools 27-1434] Device xc7a35t (JTAG device index = 0) is programmed with a design that has no supported debug core(s) in it.
WARNING: [Labtools 27-3361] The debug hub core was not detected.
Resolution: 
1. Make sure the clock connected to the debug hub (dbg_hub) core is a free running clock and is active.
2. Make sure the BSCAN_SWITCH_USER_MASK device property in Vivado Hardware Manager reflects the user scan chain setting in the design and refresh the device.  To determine the user scan chain setting in the design, open the implemented design and use 'get_property C_USER_SCAN_CHAIN [get_debug_cores dbg_hub]'.
For more details on setting the scan chain property, consult the Vivado Debug and Programming User Guide (UG908).
reset_run synth_1
launch_runs impl_1 -to_step write_bitstream -jobs 2
[Sat Oct 12 01:42:41 2019] Launched synth_1...
Run output will be captured here: C:/Users/Andrew/Desktop/Project/SoundDisplay/SoundDisplay.runs/synth_1/runme.log
[Sat Oct 12 01:42:41 2019] Launched impl_1...
Run output will be captured here: C:/Users/Andrew/Desktop/Project/SoundDisplay/SoundDisplay.runs/impl_1/runme.log
set_property PROBES.FILE {} [get_hw_devices xc7a35t_0]
set_property FULL_PROBES.FILE {} [get_hw_devices xc7a35t_0]
set_property PROGRAM.FILE {C:/Users/Andrew/Desktop/Project/SoundDisplay/SoundDisplay.runs/impl_1/Top_Student.bit} [get_hw_devices xc7a35t_0]
program_hw_devices [get_hw_devices xc7a35t_0]
INFO: [Labtools 27-3164] End of startup status: HIGH
refresh_hw_device [lindex [get_hw_devices xc7a35t_0] 0]
INFO: [Labtools 27-1434] Device xc7a35t (JTAG device index = 0) is programmed with a design that has no supported debug core(s) in it.
WARNING: [Labtools 27-3361] The debug hub core was not detected.
Resolution: 
1. Make sure the clock connected to the debug hub (dbg_hub) core is a free running clock and is active.
2. Make sure the BSCAN_SWITCH_USER_MASK device property in Vivado Hardware Manager reflects the user scan chain setting in the design and refresh the device.  To determine the user scan chain setting in the design, open the implemented design and use 'get_property C_USER_SCAN_CHAIN [get_debug_cores dbg_hub]'.
For more details on setting the scan chain property, consult the Vivado Debug and Programming User Guide (UG908).
ERROR: [Labtoolstcl 44-513] HW Target shutdown. Closing target: localhost:3121/xilinx_tcf/Digilent/210183756770A
INFO: [Labtoolstcl 44-466] Opening hw_target localhost:3121/xilinx_tcf/Digilent/210183756770A
INFO: [Labtools 27-1434] Device xc7a35t (JTAG device index = 0) is programmed with a design that has no supported debug core(s) in it.
WARNING: [Labtools 27-3361] The debug hub core was not detected.
Resolution: 
1. Make sure the clock connected to the debug hub (dbg_hub) core is a free running clock and is active.
2. Make sure the BSCAN_SWITCH_USER_MASK device property in Vivado Hardware Manager reflects the user scan chain setting in the design and refresh the device.  To determine the user scan chain setting in the design, open the implemented design and use 'get_property C_USER_SCAN_CHAIN [get_debug_cores dbg_hub]'.
For more details on setting the scan chain property, consult the Vivado Debug and Programming User Guide (UG908).
WARNING: [Labtoolstcl 44-129] No matching hw_ila_data was found.
set_property PROBES.FILE {} [get_hw_devices xc7a35t_0]
set_property FULL_PROBES.FILE {} [get_hw_devices xc7a35t_0]
set_property PROGRAM.FILE {C:/Users/Andrew/Desktop/Project/SoundDisplay/SoundDisplay.runs/impl_1/Top_Student.bit} [get_hw_devices xc7a35t_0]
program_hw_devices [get_hw_devices xc7a35t_0]
INFO: [Labtools 27-3164] End of startup status: HIGH
refresh_hw_device [lindex [get_hw_devices xc7a35t_0] 0]
INFO: [Labtools 27-1434] Device xc7a35t (JTAG device index = 0) is programmed with a design that has no supported debug core(s) in it.
WARNING: [Labtools 27-3361] The debug hub core was not detected.
Resolution: 
1. Make sure the clock connected to the debug hub (dbg_hub) core is a free running clock and is active.
2. Make sure the BSCAN_SWITCH_USER_MASK device property in Vivado Hardware Manager reflects the user scan chain setting in the design and refresh the device.  To determine the user scan chain setting in the design, open the implemented design and use 'get_property C_USER_SCAN_CHAIN [get_debug_cores dbg_hub]'.
For more details on setting the scan chain property, consult the Vivado Debug and Programming User Guide (UG908).
create_run impl_2 -parent_run synth_1 -flow {Vivado Implementation 2018}
Run is defaulting to parent run srcset: sources_1
Run is defaulting to parent run constrset: constrs_1
Run is defaulting to parent run part: xc7a35tcpg236-1
current_run [get_runs impl_2]
launch_runs impl_2 -jobs 4
[Sat Oct 12 01:51:22 2019] Launched impl_2...
Run output will be captured here: C:/Users/Andrew/Desktop/Project/SoundDisplay/SoundDisplay.runs/impl_2/runme.log
reset_run synth_1
launch_runs impl_2 -to_step write_bitstream -jobs 2
[Sat Oct 12 01:53:25 2019] Launched synth_1...
Run output will be captured here: C:/Users/Andrew/Desktop/Project/SoundDisplay/SoundDisplay.runs/synth_1/runme.log
[Sat Oct 12 01:53:25 2019] Launched impl_2...
Run output will be captured here: C:/Users/Andrew/Desktop/Project/SoundDisplay/SoundDisplay.runs/impl_2/runme.log
reset_run synth_1
reset_run synth_1
launch_runs impl_2 -to_step write_bitstream -jobs 4
[Sat Oct 12 01:54:24 2019] Launched synth_1...
Run output will be captured here: C:/Users/Andrew/Desktop/Project/SoundDisplay/SoundDisplay.runs/synth_1/runme.log
[Sat Oct 12 01:54:24 2019] Launched impl_2...
Run output will be captured here: C:/Users/Andrew/Desktop/Project/SoundDisplay/SoundDisplay.runs/impl_2/runme.log
set_property PROBES.FILE {} [get_hw_devices xc7a35t_0]
set_property FULL_PROBES.FILE {} [get_hw_devices xc7a35t_0]
set_property PROGRAM.FILE {C:/Users/Andrew/Desktop/Project/SoundDisplay/SoundDisplay.runs/impl_2/Top_Student.bit} [get_hw_devices xc7a35t_0]
program_hw_devices [get_hw_devices xc7a35t_0]
INFO: [Labtools 27-3164] End of startup status: HIGH
refresh_hw_device [lindex [get_hw_devices xc7a35t_0] 0]
INFO: [Labtools 27-1434] Device xc7a35t (JTAG device index = 0) is programmed with a design that has no supported debug core(s) in it.
WARNING: [Labtools 27-3361] The debug hub core was not detected.
Resolution: 
1. Make sure the clock connected to the debug hub (dbg_hub) core is a free running clock and is active.
2. Make sure the BSCAN_SWITCH_USER_MASK device property in Vivado Hardware Manager reflects the user scan chain setting in the design and refresh the device.  To determine the user scan chain setting in the design, open the implemented design and use 'get_property C_USER_SCAN_CHAIN [get_debug_cores dbg_hub]'.
For more details on setting the scan chain property, consult the Vivado Debug and Programming User Guide (UG908).
reset_run synth_1
launch_runs impl_2 -to_step write_bitstream -jobs 2
[Sat Oct 12 01:58:53 2019] Launched synth_1...
Run output will be captured here: C:/Users/Andrew/Desktop/Project/SoundDisplay/SoundDisplay.runs/synth_1/runme.log
[Sat Oct 12 01:58:53 2019] Launched impl_2...
Run output will be captured here: C:/Users/Andrew/Desktop/Project/SoundDisplay/SoundDisplay.runs/impl_2/runme.log
reset_run synth_1
launch_runs impl_1 -to_step write_bitstream -jobs 2
[Sat Oct 12 01:59:50 2019] Launched synth_1...
Run output will be captured here: C:/Users/Andrew/Desktop/Project/SoundDisplay/SoundDisplay.runs/synth_1/runme.log
[Sat Oct 12 01:59:50 2019] Launched impl_1...
Run output will be captured here: C:/Users/Andrew/Desktop/Project/SoundDisplay/SoundDisplay.runs/impl_1/runme.log
current_run [get_runs impl_1]
set_property PROBES.FILE {} [get_hw_devices xc7a35t_0]
set_property FULL_PROBES.FILE {} [get_hw_devices xc7a35t_0]
set_property PROGRAM.FILE {C:/Users/Andrew/Desktop/Project/SoundDisplay/SoundDisplay.runs/impl_1/Top_Student.bit} [get_hw_devices xc7a35t_0]
program_hw_devices [get_hw_devices xc7a35t_0]
INFO: [Labtools 27-3164] End of startup status: HIGH
refresh_hw_device [lindex [get_hw_devices xc7a35t_0] 0]
INFO: [Labtools 27-1434] Device xc7a35t (JTAG device index = 0) is programmed with a design that has no supported debug core(s) in it.
WARNING: [Labtools 27-3361] The debug hub core was not detected.
Resolution: 
1. Make sure the clock connected to the debug hub (dbg_hub) core is a free running clock and is active.
2. Make sure the BSCAN_SWITCH_USER_MASK device property in Vivado Hardware Manager reflects the user scan chain setting in the design and refresh the device.  To determine the user scan chain setting in the design, open the implemented design and use 'get_property C_USER_SCAN_CHAIN [get_debug_cores dbg_hub]'.
For more details on setting the scan chain property, consult the Vivado Debug and Programming User Guide (UG908).
reset_run synth_1
launch_runs impl_1 -to_step write_bitstream -jobs 2
[Sat Oct 12 02:06:09 2019] Launched synth_1...
Run output will be captured here: C:/Users/Andrew/Desktop/Project/SoundDisplay/SoundDisplay.runs/synth_1/runme.log
[Sat Oct 12 02:06:09 2019] Launched impl_1...
Run output will be captured here: C:/Users/Andrew/Desktop/Project/SoundDisplay/SoundDisplay.runs/impl_1/runme.log
set_property PROBES.FILE {} [get_hw_devices xc7a35t_0]
set_property FULL_PROBES.FILE {} [get_hw_devices xc7a35t_0]
set_property PROGRAM.FILE {C:/Users/Andrew/Desktop/Project/SoundDisplay/SoundDisplay.runs/impl_1/Top_Student.bit} [get_hw_devices xc7a35t_0]
program_hw_devices [get_hw_devices xc7a35t_0]
INFO: [Labtools 27-3164] End of startup status: HIGH
refresh_hw_device [lindex [get_hw_devices xc7a35t_0] 0]
INFO: [Labtools 27-1434] Device xc7a35t (JTAG device index = 0) is programmed with a design that has no supported debug core(s) in it.
WARNING: [Labtools 27-3361] The debug hub core was not detected.
Resolution: 
1. Make sure the clock connected to the debug hub (dbg_hub) core is a free running clock and is active.
2. Make sure the BSCAN_SWITCH_USER_MASK device property in Vivado Hardware Manager reflects the user scan chain setting in the design and refresh the device.  To determine the user scan chain setting in the design, open the implemented design and use 'get_property C_USER_SCAN_CHAIN [get_debug_cores dbg_hub]'.
For more details on setting the scan chain property, consult the Vivado Debug and Programming User Guide (UG908).
current_run [get_runs impl_2]
reset_run synth_1
launch_runs impl_2 -to_step write_bitstream -jobs 2
[Sat Oct 12 02:10:03 2019] Launched synth_1...
Run output will be captured here: C:/Users/Andrew/Desktop/Project/SoundDisplay/SoundDisplay.runs/synth_1/runme.log
[Sat Oct 12 02:10:03 2019] Launched impl_2...
Run output will be captured here: C:/Users/Andrew/Desktop/Project/SoundDisplay/SoundDisplay.runs/impl_2/runme.log
create_run impl_3 -parent_run synth_1 -flow {Vivado Implementation 2018}
Run is defaulting to parent run srcset: sources_1
Run is defaulting to parent run constrset: constrs_1
Run is defaulting to parent run part: xc7a35tcpg236-1
current_run [get_runs impl_3]
launch_runs impl_3 -jobs 4
[Sat Oct 12 02:14:49 2019] Launched impl_3...
Run output will be captured here: C:/Users/Andrew/Desktop/Project/SoundDisplay/SoundDisplay.runs/impl_3/runme.log
reset_run impl_3
launch_runs impl_3 -to_step write_bitstream -jobs 2
[Sat Oct 12 02:15:13 2019] Launched impl_3...
Run output will be captured here: C:/Users/Andrew/Desktop/Project/SoundDisplay/SoundDisplay.runs/impl_3/runme.log
reset_run impl_3 -prev_step 
WARNING: [Vivado 12-1017] Problems encountered:
1. PID not specified

launch_runs impl_1 -jobs 4
[Sat Oct 12 02:16:58 2019] Launched impl_1...
Run output will be captured here: C:/Users/Andrew/Desktop/Project/SoundDisplay/SoundDisplay.runs/impl_1/runme.log
current_run [get_runs impl_1]
delete_runs "impl_3"
delete_runs "impl_2"
reset_run impl_1
launch_runs impl_1 -jobs 4
[Sat Oct 12 02:19:19 2019] Launched impl_1...
Run output will be captured here: C:/Users/Andrew/Desktop/Project/SoundDisplay/SoundDisplay.runs/impl_1/runme.log
reset_run impl_1 -prev_step 
reset_run synth_1
launch_runs impl_1 -to_step write_bitstream -jobs 4
[Sat Oct 12 02:20:30 2019] Launched synth_1...
Run output will be captured here: C:/Users/Andrew/Desktop/Project/SoundDisplay/SoundDisplay.runs/synth_1/runme.log
[Sat Oct 12 02:20:30 2019] Launched impl_1...
Run output will be captured here: C:/Users/Andrew/Desktop/Project/SoundDisplay/SoundDisplay.runs/impl_1/runme.log
set_property PROBES.FILE {} [get_hw_devices xc7a35t_0]
set_property FULL_PROBES.FILE {} [get_hw_devices xc7a35t_0]
set_property PROGRAM.FILE {C:/Users/Andrew/Desktop/Project/SoundDisplay/SoundDisplay.runs/impl_1/Top_Student.bit} [get_hw_devices xc7a35t_0]
program_hw_devices [get_hw_devices xc7a35t_0]
INFO: [Labtools 27-3164] End of startup status: HIGH
refresh_hw_device [lindex [get_hw_devices xc7a35t_0] 0]
INFO: [Labtools 27-1434] Device xc7a35t (JTAG device index = 0) is programmed with a design that has no supported debug core(s) in it.
WARNING: [Labtools 27-3361] The debug hub core was not detected.
Resolution: 
1. Make sure the clock connected to the debug hub (dbg_hub) core is a free running clock and is active.
2. Make sure the BSCAN_SWITCH_USER_MASK device property in Vivado Hardware Manager reflects the user scan chain setting in the design and refresh the device.  To determine the user scan chain setting in the design, open the implemented design and use 'get_property C_USER_SCAN_CHAIN [get_debug_cores dbg_hub]'.
For more details on setting the scan chain property, consult the Vivado Debug and Programming User Guide (UG908).
update_compile_order -fileset sources_1
reset_run synth_1
launch_runs impl_1 -to_step write_bitstream -jobs 4
[Sat Oct 12 02:25:20 2019] Launched synth_1...
Run output will be captured here: C:/Users/Andrew/Desktop/Project/SoundDisplay/SoundDisplay.runs/synth_1/runme.log
[Sat Oct 12 02:25:20 2019] Launched impl_1...
Run output will be captured here: C:/Users/Andrew/Desktop/Project/SoundDisplay/SoundDisplay.runs/impl_1/runme.log
update_compile_order -fileset sources_1
reset_run synth_1
launch_runs impl_1 -to_step write_bitstream -jobs 4
[Sat Oct 12 02:27:05 2019] Launched synth_1...
Run output will be captured here: C:/Users/Andrew/Desktop/Project/SoundDisplay/SoundDisplay.runs/synth_1/runme.log
[Sat Oct 12 02:27:05 2019] Launched impl_1...
Run output will be captured here: C:/Users/Andrew/Desktop/Project/SoundDisplay/SoundDisplay.runs/impl_1/runme.log
set_property PROBES.FILE {} [get_hw_devices xc7a35t_0]
set_property FULL_PROBES.FILE {} [get_hw_devices xc7a35t_0]
set_property PROGRAM.FILE {C:/Users/Andrew/Desktop/Project/SoundDisplay/SoundDisplay.runs/impl_1/Top_Student.bit} [get_hw_devices xc7a35t_0]
program_hw_devices [get_hw_devices xc7a35t_0]
INFO: [Labtools 27-3164] End of startup status: HIGH
refresh_hw_device [lindex [get_hw_devices xc7a35t_0] 0]
INFO: [Labtools 27-1434] Device xc7a35t (JTAG device index = 0) is programmed with a design that has no supported debug core(s) in it.
WARNING: [Labtools 27-3361] The debug hub core was not detected.
Resolution: 
1. Make sure the clock connected to the debug hub (dbg_hub) core is a free running clock and is active.
2. Make sure the BSCAN_SWITCH_USER_MASK device property in Vivado Hardware Manager reflects the user scan chain setting in the design and refresh the device.  To determine the user scan chain setting in the design, open the implemented design and use 'get_property C_USER_SCAN_CHAIN [get_debug_cores dbg_hub]'.
For more details on setting the scan chain property, consult the Vivado Debug and Programming User Guide (UG908).
exit
INFO: [Common 17-206] Exiting Vivado at Sat Oct 12 02:33:06 2019...
